2024-08-24 15:50:27 - Prepared statement for login query.
2024-08-24 15:50:27 - Executed login query for user: 
2024-08-24 15:50:27 - Invalid login attempt for user: 
2024-08-24 15:51:21 - Prepared statement for login query.
2024-08-24 15:51:21 - Executed login query for user: 
2024-08-24 15:51:21 - Invalid login attempt for user: 
2024-08-24 15:53:48 - Prepared statement for login query.
2024-08-24 15:53:48 - Executed login query for user: teenitclub@gmail.com
2024-08-24 15:53:48 - Prepared statement for inserting temp code.
2024-08-24 15:53:48 - Inserted temp code for user: teenitclub@gmail.com
2024-08-24 15:53:49 - Email with temp code sent to: teenitclub@gmail.com
2024-08-24 15:54:30 - No record found for user .
2024-08-24 15:55:20 - No record found for user .
2024-08-24 15:57:35 - Failed attempt 1 for user teenitclub@gmail.com.
2024-08-24 15:59:54 - Failed attempt 2 for user teenitclub@gmail.com.
2024-08-24 16:00:17 - Prepared statement for login query.
2024-08-24 16:00:17 - Executed login query for user: teenitclub@gmail.com
2024-08-24 16:00:17 - Prepared statement for inserting temp code.
2024-08-24 16:00:17 - Inserted temp code for user: teenitclub@gmail.com
2024-08-24 16:00:18 - Email with temp code sent to: teenitclub@gmail.com
2024-08-24 16:01:23 - Prepared statement for login query.
2024-08-24 16:01:23 - Executed login query for user: teenitclub@gmail.com
2024-08-24 16:01:23 - Prepared statement for inserting temp code.
2024-08-24 16:01:23 - Inserted temp code for user: teenitclub@gmail.com
2024-08-24 16:01:23 - Email with temp code sent to: teenitclub@gmail.com
2024-08-24 16:02:02 - Failed attempt 3 for user teenitclub@gmail.com.
2024-08-24 16:02:37 - Failed attempt 4 for user teenitclub@gmail.com.
2024-08-24 16:04:00 - Failed attempt 5 for user teenitclub@gmail.com.
2024-08-24 16:06:34 - Failed attempt 6 for user teenitclub@gmail.com.
2024-08-24 18:52:37 - Prepared statement for login query.
2024-08-24 18:52:37 - Executed login query for user: teenitclub@gmail.com
2024-08-24 18:52:37 - Prepared statement for inserting temp code.
2024-08-24 18:52:37 - Inserted temp code for user: teenitclub@gmail.com
2024-08-24 18:52:37 - Email with temp code sent to: teenitclub@gmail.com
2024-08-24 18:53:09 - Failed attempt 6 for user teenitclub@gmail.com.
2024-08-24 19:04:29 - Failed attempt 3 for user teenitclub@gmail.com.
2024-08-24 19:07:58 - Failed attempt 4 for user teenitclub@gmail.com. inputCode: 631073 storedCode^ 631073
2024-08-24 19:09:23 - Secret code for user teenitclub@gmail.com verified and record deleted.
2024-08-24 19:10:26 - Prepared statement for login query.
2024-08-24 19:10:26 - Executed login query for user: teenitclub@gmail.com
2024-08-24 19:10:26 - Prepared statement for inserting temp code.
2024-08-24 19:10:26 - Inserted temp code for user: teenitclub@gmail.com
2024-08-24 19:10:26 - Email with temp code sent to: teenitclub@gmail.com
2024-08-24 19:10:41 - Secret code for user teenitclub@gmail.com verified and record deleted.
2024-08-24 19:14:34 - No record found for user teenitclub@gmail.com.
2024-08-24 19:14:44 - Prepared statement for login query.
2024-08-24 19:14:44 - Executed login query for user: teenitclub@gmail.com
2024-08-24 19:14:44 - Prepared statement for inserting temp code.
2024-08-24 19:14:44 - Inserted temp code for user: teenitclub@gmail.com
2024-08-24 19:14:44 - Email with temp code sent to: teenitclub@gmail.com
2024-08-24 19:15:02 - Code check for user teenitclub@gmail.com: Stored code = 492584, Input code = 492584, Tries = 0
2024-08-24 19:15:02 - Secret code for user teenitclub@gmail.com verified and record deleted.
2024-08-24 19:18:45 - Prepared statement for login query.
2024-08-24 19:18:45 - Executed login query for user: teenitclub@gmail.com
2024-08-24 19:18:45 - Prepared statement for inserting temp code.
2024-08-24 19:18:45 - Inserted temp code for user: teenitclub@gmail.com
2024-08-24 19:18:45 - Email with temp code sent to: teenitclub@gmail.com
2024-08-24 19:18:59 - Code check for user teenitclub@gmail.com: Stored code = 160958, Input code = 160958, Tries = 0
2024-08-24 19:18:59 - Secret code for user teenitclub@gmail.com verified and record deleted.
2024-08-24 19:20:59 - Prepared statement for login query.
2024-08-24 19:20:59 - Executed login query for user: teenitclub@gmail.com
2024-08-24 19:20:59 - Prepared statement for inserting temp code.
2024-08-24 19:20:59 - Inserted temp code for user: teenitclub@gmail.com
2024-08-24 19:21:00 - Email with temp code sent to: teenitclub@gmail.com
2024-08-24 19:21:12 - Code check for user teenitclub@gmail.com: Stored code = 166033, Input code = 166033, Tries = 0
2024-08-24 19:21:12 - Secret code for user teenitclub@gmail.com verified and record deleted.
2024-08-24 19:22:36 - Prepared statement for login query.
2024-08-24 19:22:36 - Executed login query for user: teenitclub@gmail.com
2024-08-24 19:22:36 - Prepared statement for inserting temp code.
2024-08-24 19:22:36 - Inserted temp code for user: teenitclub@gmail.com
2024-08-24 19:22:36 - Email with temp code sent to: teenitclub@gmail.com
2024-08-24 19:22:50 - Code check for user teenitclub@gmail.com: Stored code = 977433, Input code = 977433, Tries = 0
2024-08-24 19:22:50 - Secret code for user teenitclub@gmail.com verified and record deleted.
2024-08-24 20:52:01 - Prepared statement for login query.
2024-08-24 20:52:01 - Executed login query for user: teenitclub@gmail.com
2024-08-24 20:52:01 - Prepared statement for inserting temp code.
2024-08-24 20:52:01 - Inserted temp code for user: teenitclub@gmail.com
2024-08-24 20:52:01 - Email with temp code sent to: teenitclub@gmail.com
2024-08-24 20:52:47 - No record found for user .
2024-08-24 20:53:01 - No record found for user .
2024-08-24 20:53:07 - Prepared statement for login query.
2024-08-24 20:53:07 - Executed login query for user: teenitclub@gmail.com
2024-08-24 20:53:07 - Prepared statement for inserting temp code.
2024-08-24 20:53:07 - Inserted temp code for user: teenitclub@gmail.com
2024-08-24 20:53:07 - Email with temp code sent to: teenitclub@gmail.com
2024-08-24 20:53:22 - No record found for user .
2024-08-24 20:54:17 - No record found for user .
2024-08-24 20:56:47 - No record found for user .
2024-08-24 20:57:37 - Prepared statement for login query.
2024-08-24 20:57:37 - Executed login query for user: teenitclub@gmail.com
2024-08-24 20:57:37 - Prepared statement for inserting temp code.
2024-08-24 20:57:37 - Inserted temp code for user: teenitclub@gmail.com
2024-08-24 20:57:37 - Email with temp code sent to: teenitclub@gmail.com
2024-08-24 20:58:03 - No record found for user .
2024-08-24 20:58:55 - Code check for user teenitclub@gmail.com: Stored code = 547696, Input code = 547696, Tries = 0
2024-08-24 20:58:55 - Secret code for user teenitclub@gmail.com verified and record deleted.
2024-08-24 21:04:14 - Prepared statement for login query.
2024-08-24 21:04:14 - Executed login query for user: teenitclub@gmail.com
2024-08-24 21:04:14 - Prepared statement for inserting temp code.
2024-08-24 21:04:14 - Inserted temp code for user: teenitclub@gmail.com
2024-08-24 21:04:14 - Email with temp code sent to: teenitclub@gmail.com
2024-08-24 21:06:57 - Prepared statement for login query.
2024-08-24 21:06:57 - Executed login query for user: teenitclub@gmail.com
2024-08-24 21:06:57 - Prepared statement for inserting temp code.
2024-08-24 21:06:57 - Inserted temp code for user: teenitclub@gmail.com
2024-08-24 21:06:57 - Email with temp code sent to: teenitclub@gmail.com
2024-08-24 21:07:12 - Code check for user teenitclub@gmail.com: Stored code = 730449, Input code = 730449, Tries = 0
2024-08-24 21:07:12 - Secret code for user teenitclub@gmail.com verified and record deleted.
2024-08-24 21:31:54 - Prepared statement for login query.
2024-08-24 21:31:54 - Executed login query for user: teenitclub@gmail.com
2024-08-24 21:31:54 - Prepared statement for inserting temp code.
2024-08-24 21:31:54 - Inserted temp code for user: teenitclub@gmail.com
2024-08-24 21:31:54 - Email with temp code sent to: teenitclub@gmail.com
2024-08-24 21:32:06 - Code check for user teenitclub@gmail.com: Stored code = 641063, Input code = 641063, Tries = 0
2024-08-24 21:32:06 - Secret code for user teenitclub@gmail.com verified and record deleted.
2024-08-24 21:35:54 - Prepared statement for login query.
2024-08-24 21:35:54 - Executed login query for user: teenitclub@gmail.com
2024-08-24 21:35:54 - Prepared statement for inserting temp code.
2024-08-24 21:35:54 - Inserted temp code for user: teenitclub@gmail.com
2024-08-24 21:35:55 - Email with temp code sent to: teenitclub@gmail.com
2024-08-24 21:36:09 - Code check for user teenitclub@gmail.com: Stored code = 914793, Input code = 914793, Tries = 0
2024-08-24 21:36:09 - Secret code for user teenitclub@gmail.com verified and record deleted.
2024-08-24 21:46:48 - Prepared statement for login query.
2024-08-24 21:46:48 - Executed login query for user: teenitclub@gmail.com
2024-08-24 21:46:48 - Prepared statement for inserting temp code.
2024-08-24 21:46:48 - Inserted temp code for user: teenitclub@gmail.com
2024-08-24 21:46:49 - Email with temp code sent to: teenitclub@gmail.com
2024-08-24 21:47:49 - Code check for user teenitclub@gmail.com: Stored code = 455987, Input code = 455987, Tries = 0
2024-08-24 21:47:49 - Secret code for user teenitclub@gmail.com verified and record deleted.
2024-08-24 21:49:00 - Prepared statement for login query.
2024-08-24 21:49:00 - Executed login query for user: teenitclub@gmail.com
2024-08-24 21:49:00 - Invalid login attempt for user: teenitclub@gmail.com
2024-08-24 21:49:04 - Prepared statement for login query.
2024-08-24 21:49:04 - Executed login query for user: teenitclub@gmail.com
2024-08-24 21:49:04 - Invalid login attempt for user: teenitclub@gmail.com
2024-08-24 21:49:07 - Prepared statement for login query.
2024-08-24 21:49:07 - Executed login query for user: teenitclub@gmail.com
2024-08-24 21:49:07 - Invalid login attempt for user: teenitclub@gmail.com
2024-08-24 21:49:08 - Prepared statement for login query.
2024-08-24 21:49:08 - Executed login query for user: teenitclub@gmail.com
2024-08-24 21:49:08 - Invalid login attempt for user: teenitclub@gmail.com
2024-08-24 21:49:10 - Prepared statement for login query.
2024-08-24 21:49:10 - Executed login query for user: teenitclub@gmail.com
2024-08-24 21:49:10 - Invalid login attempt for user: teenitclub@gmail.com
2024-08-24 21:54:20 - Prepared statement for login query.
2024-08-24 21:54:20 - Executed login query for user: teenitclub@gmail.com
2024-08-24 21:54:20 - Invalid login attempt for user: teenitclub@gmail.com
2024-08-24 21:55:11 - Prepared statement for login query.
2024-08-24 21:55:11 - Executed login query for user: teenitclub@gmail.com
2024-08-24 21:55:11 - Invalid login attempt for user: teenitclub@gmail.com
2024-08-24 21:57:38 - Prepared statement for login query.
2024-08-24 21:57:38 - Executed login query for user: teenitclub@gmail.com
2024-08-24 21:57:38 - Invalid login attempt for user: teenitclub@gmail.com
2024-08-24 21:58:08 - Prepared statement for login query.
2024-08-24 21:58:08 - Executed login query for user: teenitclub@gmail.com
2024-08-24 21:58:08 - Prepared statement for inserting temp code.
2024-08-24 21:58:08 - Inserted temp code for user: teenitclub@gmail.com
2024-08-24 21:58:08 - Email with temp code sent to: teenitclub@gmail.com
2024-08-24 21:58:22 - Code check for user teenitclub@gmail.com: Stored code = 256123, Input code = 256123, Tries = 0
2024-08-24 21:58:22 - Secret code for user teenitclub@gmail.com verified and record deleted.
2024-08-24 22:04:40 - Prepared statement for login query.
2024-08-24 22:04:40 - Executed login query for user: teenitclub@gmail.com
2024-08-24 22:04:40 - Prepared statement for inserting temp code.
2024-08-24 22:04:40 - Inserted temp code for user: teenitclub@gmail.com
2024-08-24 22:04:40 - Email with temp code sent to: teenitclub@gmail.com
2024-08-24 22:04:54 - Code check for user teenitclub@gmail.com: Stored code = 745574, Input code = 745574, Tries = 0
2024-08-24 22:04:54 - Secret code for user teenitclub@gmail.com verified and record deleted.
2024-08-25 16:21:36 - Prepared statement for login query.
2024-08-25 16:21:36 - Executed login query for user: teenitclub@gmail.com
2024-08-25 16:21:36 - Prepared statement for inserting temp code.
2024-08-25 16:21:36 - Inserted temp code for user: teenitclub@gmail.com
2024-08-25 16:21:36 - Email with temp code sent to: teenitclub@gmail.com
2024-08-25 16:21:54 - Code check for user teenitclub@gmail.com: Stored code = 807425, Input code = 807425, Tries = 0
2024-08-25 16:21:54 - Secret code for user teenitclub@gmail.com verified and record deleted.
2024-08-25 16:34:12 - Prepared statement for login query.
2024-08-25 16:34:12 - Executed login query for user: teenitclub@gmail.com
2024-08-25 16:34:12 - Prepared statement for inserting temp code.
2024-08-25 16:34:12 - Inserted temp code for user: teenitclub@gmail.com
2024-08-25 16:34:12 - Email with temp code sent to: teenitclub@gmail.com
2024-08-25 16:34:29 - Code check for user teenitclub@gmail.com: Stored code = 990955, Input code = 990955, Tries = 0
2024-08-25 16:34:29 - Secret code for user teenitclub@gmail.com verified and record deleted.
2024-08-25 16:45:24 - Prepared statement for login query.
2024-08-25 16:45:24 - Executed login query for user: teenitclub@gmail.com
2024-08-25 16:45:24 - Invalid login attempt for user: teenitclub@gmail.com
2024-08-25 16:45:49 - Prepared statement for login query.
2024-08-25 16:45:49 - Executed login query for user: teenitclub@gmail.com
2024-08-25 16:45:49 - Invalid login attempt for user: teenitclub@gmail.com
2024-08-25 16:47:00 - Prepared statement for login query.
2024-08-25 16:47:00 - Executed login query for user: teenitclub@gmail.com
2024-08-25 16:47:00 - Invalid login attempt for user: teenitclub@gmail.com
2024-08-25 16:49:57 - Prepared statement for login query.
2024-08-25 16:49:57 - Executed login query for user: teenitclub@gmail.com
2024-08-25 16:49:57 - Prepared statement for inserting temp code.
2024-08-25 16:49:57 - Inserted temp code for user: teenitclub@gmail.com
2024-08-25 16:49:57 - Email with temp code sent to: teenitclub@gmail.com
2024-08-25 16:50:13 - Code check for user teenitclub@gmail.com: Stored code = 256600, Input code = 256600, Tries = 0
2024-08-25 16:50:13 - Secret code for user teenitclub@gmail.com verified and record deleted.
2024-08-25 16:52:19 - Prepared statement for login query.
2024-08-25 16:52:19 - Executed login query for user: teenitclub@gmail.com
2024-08-25 16:52:19 - Prepared statement for inserting temp code.
2024-08-25 16:52:19 - Inserted temp code for user: teenitclub@gmail.com
2024-08-25 16:52:19 - Email with temp code sent to: teenitclub@gmail.com
2024-08-25 16:52:31 - Code check for user teenitclub@gmail.com: Stored code = 829900, Input code = 829900, Tries = 0
2024-08-25 16:52:31 - Secret code for user teenitclub@gmail.com verified and record deleted.
2024-08-25 16:56:08 - Prepared statement for login query.
2024-08-25 16:56:08 - Executed login query for user: melnykov.pr@gmail.com
2024-08-25 16:56:08 - Invalid login attempt for user: melnykov.pr@gmail.com
2024-08-25 16:56:21 - Prepared statement for login query.
2024-08-25 16:56:21 - Executed login query for user: melnykov.pr@gmail.com
2024-08-25 16:56:21 - Invalid login attempt for user: melnykov.pr@gmail.com
2024-08-25 16:56:36 - Prepared statement for login query.
2024-08-25 16:56:36 - Executed login query for user: melnykov.pr@gmail.com
2024-08-25 16:56:36 - Invalid login attempt for user: melnykov.pr@gmail.com
2024-08-25 16:56:47 - Prepared statement for login query.
2024-08-25 16:56:47 - Executed login query for user: melnykov.pr@gmail.com
2024-08-25 16:56:47 - Invalid login attempt for user: melnykov.pr@gmail.com
2024-08-25 16:56:52 - Prepared statement for login query.
2024-08-25 16:56:52 - Executed login query for user: melnykov.pr@gmail.com
2024-08-25 16:56:52 - Invalid login attempt for user: melnykov.pr@gmail.com
2024-08-25 16:57:43 - Prepared statement for login query.
2024-08-25 16:57:43 - Executed login query for user: teenitclub@gmail.com
2024-08-25 16:57:43 - Prepared statement for inserting temp code.
2024-08-25 16:57:43 - Inserted temp code for user: teenitclub@gmail.com
2024-08-25 16:57:43 - Email with temp code sent to: teenitclub@gmail.com
2024-08-25 16:57:55 - Code check for user teenitclub@gmail.com: Stored code = 275784, Input code = 275784, Tries = 0
2024-08-25 16:57:55 - Secret code for user teenitclub@gmail.com verified and record deleted.
2024-08-25 17:02:09 - Prepared statement for login query.
2024-08-25 17:02:09 - Executed login query for user: melnykov.pr@gmail.com
2024-08-25 17:02:09 - Prepared statement for inserting temp code.
2024-08-25 17:02:09 - Inserted temp code for user: Melnykov.pr@gmail.com
2024-08-25 17:02:09 - Email with temp code sent to: Melnykov.pr@gmail.com
2024-08-25 17:02:21 - Code check for user melnykov.pr@gmail.com: Stored code = 551051, Input code = 551051, Tries = 0
2024-08-25 17:02:21 - Secret code for user melnykov.pr@gmail.com verified and record deleted.
2024-08-25 20:05:35 - Prepared statement for login query.
2024-08-25 20:05:35 - Executed login query for user: teenitclub@gmail.com
2024-08-25 20:05:35 - Prepared statement for inserting temp code.
2024-08-25 20:05:35 - Inserted temp code for user: teenitclub@gmail.com
2024-08-25 20:05:35 - Email with temp code sent to: teenitclub@gmail.com
2024-08-25 20:05:52 - Code check for user teenitclub@gmail.com: Stored code = 451537, Input code = 451537, Tries = 0
2024-08-25 20:05:52 - Secret code for user teenitclub@gmail.com verified and record deleted.
2024-08-25 20:28:55 - Prepared statement for login query.
2024-08-25 20:28:55 - Executed login query for user: teenitclub@gmail.com
2024-08-25 20:28:55 - Prepared statement for inserting temp code.
2024-08-25 20:28:55 - Inserted temp code for user: teenitclub@gmail.com
2024-08-25 20:28:55 - Email with temp code sent to: teenitclub@gmail.com
2024-08-25 20:29:22 - Code check for user teenitclub@gmail.com: Stored code = 383908, Input code = 383908, Tries = 0
2024-08-25 20:29:22 - Secret code for user teenitclub@gmail.com verified and record deleted.
2024-08-25 20:30:00 - Prepared statement for login query.
2024-08-25 20:30:00 - Executed login query for user: melnykov.pr@gmail.com
2024-08-25 20:30:00 - Prepared statement for inserting temp code.
2024-08-25 20:30:00 - Inserted temp code for user: Melnykov.pr@gmail.com
2024-08-25 20:30:00 - Email with temp code sent to: Melnykov.pr@gmail.com
2024-08-25 20:30:14 - Code check for user melnykov.pr@gmail.com: Stored code = 146248, Input code = 146248, Tries = 0
2024-08-25 20:30:14 - Secret code for user melnykov.pr@gmail.com verified and record deleted.
2024-08-26 17:57:51 - Prepared statement for login query.
2024-08-26 17:57:51 - Executed login query for user: teenitclub@gmail.com
2024-08-26 17:57:51 - Prepared statement for inserting temp code.
2024-08-26 17:57:51 - Inserted temp code for user: teenitclub@gmail.com
2024-08-26 17:57:51 - Email with temp code sent to: teenitclub@gmail.com
2024-08-26 17:58:09 - Code check for user teenitclub@gmail.com: Stored code = 297034, Input code = 297034, Tries = 0
2024-08-26 17:58:09 - Secret code for user teenitclub@gmail.com verified and record deleted.
2024-08-26 19:19:21 - Prepared statement for login query.
2024-08-26 19:19:21 - Executed login query for user: melnykov.pr@gmail.com
2024-08-26 19:19:21 - Prepared statement for inserting temp code.
2024-08-26 19:19:21 - Inserted temp code for user: Melnykov.pr@gmail.com
2024-08-26 19:19:21 - Email with temp code sent to: Melnykov.pr@gmail.com
2024-08-26 19:19:39 - Code check for user melnykov.pr@gmail.com: Stored code = 506557, Input code = 506557, Tries = 0
2024-08-26 19:19:39 - Secret code for user melnykov.pr@gmail.com verified and record deleted.
2024-08-26 19:20:44 - Prepared statement for login query.
2024-08-26 19:20:44 - Executed login query for user: teenitclub@gmail.com
2024-08-26 19:20:44 - Prepared statement for inserting temp code.
2024-08-26 19:20:44 - Inserted temp code for user: teenitclub@gmail.com
2024-08-26 19:20:44 - Email with temp code sent to: teenitclub@gmail.com
2024-08-26 19:21:00 - Code check for user teenitclub@gmail.com: Stored code = 211022, Input code = 211022, Tries = 0
2024-08-26 19:21:00 - Secret code for user teenitclub@gmail.com verified and record deleted.
2024-08-27 11:29:05 - Prepared statement for login query.
2024-08-27 11:29:05 - Executed login query for user: teenitclub@gmail.com
2024-08-27 11:29:05 - Prepared statement for inserting temp code.
2024-08-27 11:29:05 - Inserted temp code for user: teenitclub@gmail.com
2024-08-27 11:29:05 - Email with temp code sent to: teenitclub@gmail.com
2024-08-27 11:29:28 - Code check for user teenitclub@gmail.com: Stored code = 270185, Input code = 270185, Tries = 0
2024-08-27 11:29:28 - Secret code for user teenitclub@gmail.com verified and record deleted.
2024-08-27 11:39:20 - Prepared statement for login query.
2024-08-27 11:39:20 - Executed login query for user: teenitclub@gmail.com
2024-08-27 11:39:20 - Prepared statement for inserting temp code.
2024-08-27 11:39:20 - Inserted temp code for user: teenitclub@gmail.com
2024-08-27 11:39:20 - Email with temp code sent to: teenitclub@gmail.com
2024-08-27 11:39:36 - Code check for user teenitclub@gmail.com: Stored code = 328702, Input code = 328702, Tries = 0
2024-08-27 11:39:36 - Secret code for user teenitclub@gmail.com verified and record deleted.
2024-08-27 11:43:33 - Prepared statement for login query.
2024-08-27 11:43:33 - Executed login query for user: feedbacktoanti@gmail.com
2024-08-27 11:43:33 - Prepared statement for inserting temp code.
2024-08-27 11:43:33 - Inserted temp code for user: feedbacktoanti@gmail.com
2024-08-27 11:43:33 - Email with temp code sent to: feedbacktoanti@gmail.com
2024-08-27 11:44:05 - Code check for user feedbacktoanti@gmail.com: Stored code = 539520, Input code = 539520, Tries = 0
2024-08-27 11:44:05 - Secret code for user feedbacktoanti@gmail.com verified and record deleted.
2024-08-27 11:56:20 - Prepared statement for login query.
2024-08-27 11:56:20 - Executed login query for user: teenitclub@gmail.com
2024-08-27 11:56:20 - Prepared statement for inserting temp code.
2024-08-27 11:56:20 - Inserted temp code for user: teenitclub@gmail.com
2024-08-27 11:56:20 - Email with temp code sent to: teenitclub@gmail.com
2024-08-27 11:56:33 - Code check for user teenitclub@gmail.com: Stored code = 374119, Input code = 374119, Tries = 0
2024-08-27 11:56:33 - Secret code for user teenitclub@gmail.com verified and record deleted.
2024-08-27 14:08:19 - Prepared statement for login query.
2024-08-27 14:08:19 - Executed login query for user: teenitclub@gmail.com
2024-08-27 14:08:19 - Prepared statement for inserting temp code.
2024-08-27 14:08:19 - Inserted temp code for user: teenitclub@gmail.com
2024-08-27 14:08:19 - Email with temp code sent to: teenitclub@gmail.com
2024-08-27 14:08:33 - Code check for user teenitclub@gmail.com: Stored code = 745638, Input code = 745638, Tries = 0
2024-08-27 14:08:33 - Secret code for user teenitclub@gmail.com verified and record deleted.
2024-08-28 03:31:18 - Prepared statement for login query.
2024-08-28 03:31:18 - Executed login query for user: teenitclub@gmail.com
2024-08-28 03:31:18 - Prepared statement for inserting temp code.
2024-08-28 03:31:18 - Inserted temp code for user: teenitclub@gmail.com
2024-08-28 03:31:18 - Email with temp code sent to: teenitclub@gmail.com
2024-08-28 03:31:31 - Code check for user teenitclub@gmail.com: Stored code = 216039, Input code = 216039, Tries = 0
2024-08-28 03:31:31 - Secret code for user teenitclub@gmail.com verified and record deleted.
2024-08-28 13:23:40 - Prepared statement for login query.
2024-08-28 13:23:40 - Executed login query for user: feedbacktoanti@gmail.com
2024-08-28 13:23:40 - Prepared statement for inserting temp code.
2024-08-28 13:23:40 - Inserted temp code for user: feedbacktoanti@gmail.com
2024-08-28 13:23:40 - Email with temp code sent to: feedbacktoanti@gmail.com
2024-08-28 13:24:12 - Code check for user feedbacktoanti@gmail.com: Stored code = 133775, Input code = 133775, Tries = 0
2024-08-28 13:24:12 - Secret code for user feedbacktoanti@gmail.com verified and record deleted.
2024-08-28 21:09:01 - Prepared statement for login query.
2024-08-28 21:09:01 - Executed login query for user: teenitclub@gmail.com
2024-08-28 21:09:01 - Prepared statement for inserting temp code.
2024-08-28 21:09:01 - Inserted temp code for user: teenitclub@gmail.com
2024-08-28 21:09:01 - Email with temp code sent to: teenitclub@gmail.com
2024-08-28 21:09:17 - Code check for user teenitclub@gmail.com: Stored code = 585350, Input code = 585350, Tries = 0
2024-08-28 21:09:17 - Secret code for user teenitclub@gmail.com verified and record deleted.
2024-08-29 02:56:31 - Prepared statement for login query.
2024-08-29 02:56:31 - Executed login query for user: teenitclub@gmail.com
2024-08-29 02:56:31 - Prepared statement for inserting temp code.
2024-08-29 02:56:31 - Inserted temp code for user: teenitclub@gmail.com
2024-08-29 02:56:31 - Email with temp code sent to: teenitclub@gmail.com
2024-08-29 02:57:28 - Code check for user teenitclub@gmail.com: Stored code = 992740, Input code = 585350, Tries = 0
2024-08-29 02:57:28 - Failed attempt 1 for user teenitclub@gmail.com.
2024-08-29 02:57:46 - Code check for user teenitclub@gmail.com: Stored code = 992740, Input code = 992740, Tries = 1
2024-08-29 02:57:46 - Secret code for user teenitclub@gmail.com verified and record deleted.
2024-08-29 03:19:45 - Prepared statement for login query.
2024-08-29 03:19:45 - Executed login query for user: teenitclub@gmail.com
2024-08-29 03:19:45 - Prepared statement for inserting temp code.
2024-08-29 03:19:45 - Inserted temp code for user: teenitclub@gmail.com
2024-08-29 03:19:45 - Email with temp code sent to: teenitclub@gmail.com
2024-08-29 03:19:59 - Code check for user teenitclub@gmail.com: Stored code = 709265, Input code = 709265, Tries = 0
2024-08-29 03:19:59 - Secret code for user teenitclub@gmail.com verified and record deleted.
2024-08-29 12:14:01 - Prepared statement for login query.
2024-08-29 12:14:01 - Executed login query for user: feedbacktoanti@gmail.com
2024-08-29 12:14:01 - Prepared statement for inserting temp code.
2024-08-29 12:14:01 - Inserted temp code for user: feedbacktoanti@gmail.com
2024-08-29 12:14:02 - Email with temp code sent to: feedbacktoanti@gmail.com
2024-08-29 12:14:31 - Code check for user feedbacktoanti@gmail.com: Stored code = 220077, Input code = 220077, Tries = 0
2024-08-29 12:14:31 - Secret code for user feedbacktoanti@gmail.com verified and record deleted.
2024-08-30 01:14:43 - Prepared statement for login query.
2024-08-30 01:14:43 - Executed login query for user: teenitclub@gmail.com
2024-08-30 01:14:43 - Prepared statement for inserting temp code.
2024-08-30 01:14:43 - Inserted temp code for user: teenitclub@gmail.com
2024-08-30 01:14:43 - Email with temp code sent to: teenitclub@gmail.com
2024-08-30 01:14:56 - Code check for user teenitclub@gmail.com: Stored code = 746834, Input code = 746834, Tries = 0
2024-08-30 01:14:56 - Secret code for user teenitclub@gmail.com verified and record deleted.
2024-08-30 11:06:10 - Prepared statement for login query.
2024-08-30 11:06:10 - Executed login query for user: teenitclub@gmail.com
2024-08-30 11:06:10 - Prepared statement for inserting temp code.
2024-08-30 11:06:10 - Inserted temp code for user: teenitclub@gmail.com
2024-08-30 11:06:10 - Email with temp code sent to: teenitclub@gmail.com
2024-08-30 11:06:26 - Code check for user teenitclub@gmail.com: Stored code = 689543, Input code = 689543, Tries = 0
2024-08-30 11:06:26 - Secret code for user teenitclub@gmail.com verified and record deleted.
2024-08-30 12:20:20 - Prepared statement for login query.
2024-08-30 12:20:20 - Executed login query for user: feedbacktoanti@gmail.com
2024-08-30 12:20:20 - Prepared statement for inserting temp code.
2024-08-30 12:20:20 - Inserted temp code for user: feedbacktoanti@gmail.com
2024-08-30 12:20:20 - Email with temp code sent to: feedbacktoanti@gmail.com
2024-08-30 12:20:45 - Code check for user feedbacktoanti@gmail.com: Stored code = 853512, Input code = 853512, Tries = 0
2024-08-30 12:20:45 - Secret code for user feedbacktoanti@gmail.com verified and record deleted.
2024-08-30 13:13:59 - Prepared statement for login query.
2024-08-30 13:13:59 - Executed login query for user: teenitclub@gmail.com
2024-08-30 13:13:59 - Prepared statement for inserting temp code.
2024-08-30 13:13:59 - Inserted temp code for user: teenitclub@gmail.com
2024-08-30 13:13:59 - Email with temp code sent to: teenitclub@gmail.com
2024-08-30 13:14:13 - Code check for user teenitclub@gmail.com: Stored code = 496695, Input code = 496695, Tries = 0
2024-08-30 13:14:13 - Secret code for user teenitclub@gmail.com verified and record deleted.
